<?xml version="1.0" encoding="UTF-8"?>
<!-- Generated by org.testng.reporters.JUnitReportReporter -->
<testsuite hostname="LAPTOP-IJTKHJ02" failures="0" tests="3" name="testScripts.PlaceOrderTest" time="1.705" errors="0" timestamp="2025-01-18T13:45:09 IST" skipped="0">
  <testcase classname="testScripts.PlaceOrderTest" name="loginTest" time="0.555"/>
  <testcase classname="testScripts.PlaceOrderTest" name="addItemTest" time="0.409"/>
  <testcase classname="testScripts.PlaceOrderTest" name="checkoutTest" time="0.741"/>
</testsuite> <!-- testScripts.PlaceOrderTest -->
