<?xml version="1.0" encoding="UTF-8"?>
<!-- Generated by org.testng.reporters.JUnitReportReporter -->
<testsuite hostname="LAPTOP-IJTKHJ02" failures="0" tests="1" name="testScripts.PlaceOrderTest" time="0.353" errors="0" timestamp="2025-01-16T22:52:13 IST" skipped="0">
  <testcase classname="testScripts.PlaceOrderTest" name="loginTest" time="0.353"/>
</testsuite> <!-- testScripts.PlaceOrderTest -->
